DEBUG - 2026-07-20 05:41:49 --> Session: Class initialized using 'CodeIgniter\Session\Handlers\FileHandler' driver.
ERROR - 2026-07-20 06:27:38 --> Error connecting to the database: Exception: Unable to open database: unable to open database file in D:\ITU\Web\S4\4054-4155\system\Database\SQLite3\Connection.php:111
Stack trace:
#0 D:\ITU\Web\S4\4054-4155\system\Database\SQLite3\Connection.php(111): SQLite3->__construct('D:\\ITU\\Web\\S4\\4...')
#1 D:\ITU\Web\S4\4054-4155\system\Database\BaseConnection.php(555): CodeIgniter\Database\SQLite3\Connection->connect(false)
#2 D:\ITU\Web\S4\4054-4155\system\Database\SQLite3\Connection.php(74): CodeIgniter\Database\BaseConnection->initialize()
#3 D:\ITU\Web\S4\4054-4155\system\Database\BaseConnection.php(795): CodeIgniter\Database\SQLite3\Connection->initialize()
#4 D:\ITU\Web\S4\4054-4155\system\Database\BaseConnection.php(1706): CodeIgniter\Database\BaseConnection->query('SELECT "NAME" F...')
#5 D:\ITU\Web\S4\4054-4155\system\Database\BaseConnection.php(1726): CodeIgniter\Database\BaseConnection->listTables()
#6 D:\ITU\Web\S4\4054-4155\system\Database\MigrationRunner.php(821): CodeIgniter\Database\BaseConnection->tableExists('migrations')
#7 D:\ITU\Web\S4\4054-4155\system\Database\MigrationRunner.php(173): CodeIgniter\Database\MigrationRunner->ensureTable()
#8 D:\ITU\Web\S4\4054-4155\system\Commands\Database\Migrate.php(89): CodeIgniter\Database\MigrationRunner->latest(NULL)
#9 D:\ITU\Web\S4\4054-4155\system\CLI\SignalTrait.php(245): CodeIgniter\Commands\Database\Migrate::CodeIgniter\Commands\Database\{closure}()
#10 D:\ITU\Web\S4\4054-4155\system\Commands\Database\Migrate.php(88): CodeIgniter\Commands\Database\Migrate->withSignalsBlocked(Object(Closure))
#11 D:\ITU\Web\S4\4054-4155\system\CLI\Commands.php(74): CodeIgniter\Commands\Database\Migrate->run(Array)
#12 D:\ITU\Web\S4\4054-4155\system\CLI\Console.php(47): CodeIgniter\CLI\Commands->run('migrate', Array)
#13 D:\ITU\Web\S4\4054-4155\system\Boot.php(442): CodeIgniter\CLI\Console->run()
#14 D:\ITU\Web\S4\4054-4155\system\Boot.php(166): CodeIgniter\Boot::runCommand(Object(CodeIgniter\CLI\Console))
#15 D:\ITU\Web\S4\4054-4155\spark(87): CodeIgniter\Boot::bootSpark(Object(Config\Paths))
#16 {main}

Next CodeIgniter\Database\Exceptions\DatabaseException: SQLite3 error: Unable to open database: unable to open database file in D:\ITU\Web\S4\4054-4155\system\Database\SQLite3\Connection.php:118
Stack trace:
#0 D:\ITU\Web\S4\4054-4155\system\Database\BaseConnection.php(555): CodeIgniter\Database\SQLite3\Connection->connect(false)
#1 D:\ITU\Web\S4\4054-4155\system\Database\SQLite3\Connection.php(74): CodeIgniter\Database\BaseConnection->initialize()
#2 D:\ITU\Web\S4\4054-4155\system\Database\BaseConnection.php(795): CodeIgniter\Database\SQLite3\Connection->initialize()
#3 D:\ITU\Web\S4\4054-4155\system\Database\BaseConnection.php(1706): CodeIgniter\Database\BaseConnection->query('SELECT "NAME" F...')
#4 D:\ITU\Web\S4\4054-4155\system\Database\BaseConnection.php(1726): CodeIgniter\Database\BaseConnection->listTables()
#5 D:\ITU\Web\S4\4054-4155\system\Database\MigrationRunner.php(821): CodeIgniter\Database\BaseConnection->tableExists('migrations')
#6 D:\ITU\Web\S4\4054-4155\system\Database\MigrationRunner.php(173): CodeIgniter\Database\MigrationRunner->ensureTable()
#7 D:\ITU\Web\S4\4054-4155\system\Commands\Database\Migrate.php(89): CodeIgniter\Database\MigrationRunner->latest(NULL)
#8 D:\ITU\Web\S4\4054-4155\system\CLI\SignalTrait.php(245): CodeIgniter\Commands\Database\Migrate::CodeIgniter\Commands\Database\{closure}()
#9 D:\ITU\Web\S4\4054-4155\system\Commands\Database\Migrate.php(88): CodeIgniter\Commands\Database\Migrate->withSignalsBlocked(Object(Closure))
#10 D:\ITU\Web\S4\4054-4155\system\CLI\Commands.php(74): CodeIgniter\Commands\Database\Migrate->run(Array)
#11 D:\ITU\Web\S4\4054-4155\system\CLI\Console.php(47): CodeIgniter\CLI\Commands->run('migrate', Array)
#12 D:\ITU\Web\S4\4054-4155\system\Boot.php(442): CodeIgniter\CLI\Console->run()
#13 D:\ITU\Web\S4\4054-4155\system\Boot.php(166): CodeIgniter\Boot::runCommand(Object(CodeIgniter\CLI\Console))
#14 D:\ITU\Web\S4\4054-4155\spark(87): CodeIgniter\Boot::bootSpark(Object(Config\Paths))
#15 {main}
ERROR - 2026-07-20 06:28:58 --> Error connecting to the database: Exception: Unable to open database: unable to open database file in D:\ITU\Web\S4\4054-4155\system\Database\SQLite3\Connection.php:111
Stack trace:
#0 D:\ITU\Web\S4\4054-4155\system\Database\SQLite3\Connection.php(111): SQLite3->__construct('D:\\ITU\\Web\\S4\\4...')
#1 D:\ITU\Web\S4\4054-4155\system\Database\BaseConnection.php(555): CodeIgniter\Database\SQLite3\Connection->connect(false)
#2 D:\ITU\Web\S4\4054-4155\system\Database\SQLite3\Connection.php(74): CodeIgniter\Database\BaseConnection->initialize()
#3 D:\ITU\Web\S4\4054-4155\system\Database\BaseConnection.php(795): CodeIgniter\Database\SQLite3\Connection->initialize()
#4 D:\ITU\Web\S4\4054-4155\system\Database\BaseConnection.php(1706): CodeIgniter\Database\BaseConnection->query('SELECT "NAME" F...')
#5 D:\ITU\Web\S4\4054-4155\system\Database\BaseConnection.php(1726): CodeIgniter\Database\BaseConnection->listTables()
#6 D:\ITU\Web\S4\4054-4155\system\Database\MigrationRunner.php(821): CodeIgniter\Database\BaseConnection->tableExists('migrations')
#7 D:\ITU\Web\S4\4054-4155\system\Database\MigrationRunner.php(173): CodeIgniter\Database\MigrationRunner->ensureTable()
#8 D:\ITU\Web\S4\4054-4155\system\Commands\Database\Migrate.php(89): CodeIgniter\Database\MigrationRunner->latest(NULL)
#9 D:\ITU\Web\S4\4054-4155\system\CLI\SignalTrait.php(245): CodeIgniter\Commands\Database\Migrate::CodeIgniter\Commands\Database\{closure}()
#10 D:\ITU\Web\S4\4054-4155\system\Commands\Database\Migrate.php(88): CodeIgniter\Commands\Database\Migrate->withSignalsBlocked(Object(Closure))
#11 D:\ITU\Web\S4\4054-4155\system\CLI\Commands.php(74): CodeIgniter\Commands\Database\Migrate->run(Array)
#12 D:\ITU\Web\S4\4054-4155\system\CLI\Console.php(47): CodeIgniter\CLI\Commands->run('migrate', Array)
#13 D:\ITU\Web\S4\4054-4155\system\Boot.php(442): CodeIgniter\CLI\Console->run()
#14 D:\ITU\Web\S4\4054-4155\system\Boot.php(166): CodeIgniter\Boot::runCommand(Object(CodeIgniter\CLI\Console))
#15 D:\ITU\Web\S4\4054-4155\spark(87): CodeIgniter\Boot::bootSpark(Object(Config\Paths))
#16 {main}

Next CodeIgniter\Database\Exceptions\DatabaseException: SQLite3 error: Unable to open database: unable to open database file in D:\ITU\Web\S4\4054-4155\system\Database\SQLite3\Connection.php:118
Stack trace:
#0 D:\ITU\Web\S4\4054-4155\system\Database\BaseConnection.php(555): CodeIgniter\Database\SQLite3\Connection->connect(false)
#1 D:\ITU\Web\S4\4054-4155\system\Database\SQLite3\Connection.php(74): CodeIgniter\Database\BaseConnection->initialize()
#2 D:\ITU\Web\S4\4054-4155\system\Database\BaseConnection.php(795): CodeIgniter\Database\SQLite3\Connection->initialize()
#3 D:\ITU\Web\S4\4054-4155\system\Database\BaseConnection.php(1706): CodeIgniter\Database\BaseConnection->query('SELECT "NAME" F...')
#4 D:\ITU\Web\S4\4054-4155\system\Database\BaseConnection.php(1726): CodeIgniter\Database\BaseConnection->listTables()
#5 D:\ITU\Web\S4\4054-4155\system\Database\MigrationRunner.php(821): CodeIgniter\Database\BaseConnection->tableExists('migrations')
#6 D:\ITU\Web\S4\4054-4155\system\Database\MigrationRunner.php(173): CodeIgniter\Database\MigrationRunner->ensureTable()
#7 D:\ITU\Web\S4\4054-4155\system\Commands\Database\Migrate.php(89): CodeIgniter\Database\MigrationRunner->latest(NULL)
#8 D:\ITU\Web\S4\4054-4155\system\CLI\SignalTrait.php(245): CodeIgniter\Commands\Database\Migrate::CodeIgniter\Commands\Database\{closure}()
#9 D:\ITU\Web\S4\4054-4155\system\Commands\Database\Migrate.php(88): CodeIgniter\Commands\Database\Migrate->withSignalsBlocked(Object(Closure))
#10 D:\ITU\Web\S4\4054-4155\system\CLI\Commands.php(74): CodeIgniter\Commands\Database\Migrate->run(Array)
#11 D:\ITU\Web\S4\4054-4155\system\CLI\Console.php(47): CodeIgniter\CLI\Commands->run('migrate', Array)
#12 D:\ITU\Web\S4\4054-4155\system\Boot.php(442): CodeIgniter\CLI\Console->run()
#13 D:\ITU\Web\S4\4054-4155\system\Boot.php(166): CodeIgniter\Boot::runCommand(Object(CodeIgniter\CLI\Console))
#14 D:\ITU\Web\S4\4054-4155\spark(87): CodeIgniter\Boot::bootSpark(Object(Config\Paths))
#15 {main}
ERROR - 2026-07-20 06:36:32 --> Error connecting to the database: Exception: Unable to open database: unable to open database file in D:\ITU\Web\S4\4054-4155\system\Database\SQLite3\Connection.php:111
Stack trace:
#0 D:\ITU\Web\S4\4054-4155\system\Database\SQLite3\Connection.php(111): SQLite3->__construct('D:\\ITU\\Web\\S4\\4...')
#1 D:\ITU\Web\S4\4054-4155\system\Database\BaseConnection.php(555): CodeIgniter\Database\SQLite3\Connection->connect(false)
#2 D:\ITU\Web\S4\4054-4155\system\Database\SQLite3\Connection.php(74): CodeIgniter\Database\BaseConnection->initialize()
#3 D:\ITU\Web\S4\4054-4155\system\Database\BaseConnection.php(795): CodeIgniter\Database\SQLite3\Connection->initialize()
#4 D:\ITU\Web\S4\4054-4155\system\Database\BaseConnection.php(1706): CodeIgniter\Database\BaseConnection->query('SELECT "NAME" F...')
#5 D:\ITU\Web\S4\4054-4155\system\Database\BaseConnection.php(1726): CodeIgniter\Database\BaseConnection->listTables()
#6 D:\ITU\Web\S4\4054-4155\system\Database\MigrationRunner.php(821): CodeIgniter\Database\BaseConnection->tableExists('migrations')
#7 D:\ITU\Web\S4\4054-4155\system\Database\MigrationRunner.php(173): CodeIgniter\Database\MigrationRunner->ensureTable()
#8 D:\ITU\Web\S4\4054-4155\system\Commands\Database\Migrate.php(89): CodeIgniter\Database\MigrationRunner->latest(NULL)
#9 D:\ITU\Web\S4\4054-4155\system\CLI\SignalTrait.php(245): CodeIgniter\Commands\Database\Migrate::CodeIgniter\Commands\Database\{closure}()
#10 D:\ITU\Web\S4\4054-4155\system\Commands\Database\Migrate.php(88): CodeIgniter\Commands\Database\Migrate->withSignalsBlocked(Object(Closure))
#11 D:\ITU\Web\S4\4054-4155\system\CLI\Commands.php(74): CodeIgniter\Commands\Database\Migrate->run(Array)
#12 D:\ITU\Web\S4\4054-4155\system\CLI\Console.php(47): CodeIgniter\CLI\Commands->run('migrate', Array)
#13 D:\ITU\Web\S4\4054-4155\system\Boot.php(442): CodeIgniter\CLI\Console->run()
#14 D:\ITU\Web\S4\4054-4155\system\Boot.php(166): CodeIgniter\Boot::runCommand(Object(CodeIgniter\CLI\Console))
#15 D:\ITU\Web\S4\4054-4155\spark(87): CodeIgniter\Boot::bootSpark(Object(Config\Paths))
#16 {main}

Next CodeIgniter\Database\Exceptions\DatabaseException: SQLite3 error: Unable to open database: unable to open database file in D:\ITU\Web\S4\4054-4155\system\Database\SQLite3\Connection.php:118
Stack trace:
#0 D:\ITU\Web\S4\4054-4155\system\Database\BaseConnection.php(555): CodeIgniter\Database\SQLite3\Connection->connect(false)
#1 D:\ITU\Web\S4\4054-4155\system\Database\SQLite3\Connection.php(74): CodeIgniter\Database\BaseConnection->initialize()
#2 D:\ITU\Web\S4\4054-4155\system\Database\BaseConnection.php(795): CodeIgniter\Database\SQLite3\Connection->initialize()
#3 D:\ITU\Web\S4\4054-4155\system\Database\BaseConnection.php(1706): CodeIgniter\Database\BaseConnection->query('SELECT "NAME" F...')
#4 D:\ITU\Web\S4\4054-4155\system\Database\BaseConnection.php(1726): CodeIgniter\Database\BaseConnection->listTables()
#5 D:\ITU\Web\S4\4054-4155\system\Database\MigrationRunner.php(821): CodeIgniter\Database\BaseConnection->tableExists('migrations')
#6 D:\ITU\Web\S4\4054-4155\system\Database\MigrationRunner.php(173): CodeIgniter\Database\MigrationRunner->ensureTable()
#7 D:\ITU\Web\S4\4054-4155\system\Commands\Database\Migrate.php(89): CodeIgniter\Database\MigrationRunner->latest(NULL)
#8 D:\ITU\Web\S4\4054-4155\system\CLI\SignalTrait.php(245): CodeIgniter\Commands\Database\Migrate::CodeIgniter\Commands\Database\{closure}()
#9 D:\ITU\Web\S4\4054-4155\system\Commands\Database\Migrate.php(88): CodeIgniter\Commands\Database\Migrate->withSignalsBlocked(Object(Closure))
#10 D:\ITU\Web\S4\4054-4155\system\CLI\Commands.php(74): CodeIgniter\Commands\Database\Migrate->run(Array)
#11 D:\ITU\Web\S4\4054-4155\system\CLI\Console.php(47): CodeIgniter\CLI\Commands->run('migrate', Array)
#12 D:\ITU\Web\S4\4054-4155\system\Boot.php(442): CodeIgniter\CLI\Console->run()
#13 D:\ITU\Web\S4\4054-4155\system\Boot.php(166): CodeIgniter\Boot::runCommand(Object(CodeIgniter\CLI\Console))
#14 D:\ITU\Web\S4\4054-4155\spark(87): CodeIgniter\Boot::bootSpark(Object(Config\Paths))
#15 {main}
ERROR - 2026-07-20 06:37:46 --> Error connecting to the database: Exception: Unable to open database: unable to open database file in D:\ITU\Web\S4\4054-4155\system\Database\SQLite3\Connection.php:111
Stack trace:
#0 D:\ITU\Web\S4\4054-4155\system\Database\SQLite3\Connection.php(111): SQLite3->__construct('D:\\ITU\\Web\\S4\\4...')
#1 D:\ITU\Web\S4\4054-4155\system\Database\BaseConnection.php(555): CodeIgniter\Database\SQLite3\Connection->connect(false)
#2 D:\ITU\Web\S4\4054-4155\system\Database\SQLite3\Connection.php(74): CodeIgniter\Database\BaseConnection->initialize()
#3 D:\ITU\Web\S4\4054-4155\system\Database\BaseConnection.php(795): CodeIgniter\Database\SQLite3\Connection->initialize()
#4 D:\ITU\Web\S4\4054-4155\system\Database\BaseConnection.php(1706): CodeIgniter\Database\BaseConnection->query('SELECT "NAME" F...')
#5 D:\ITU\Web\S4\4054-4155\system\Database\BaseConnection.php(1726): CodeIgniter\Database\BaseConnection->listTables()
#6 D:\ITU\Web\S4\4054-4155\system\Database\MigrationRunner.php(821): CodeIgniter\Database\BaseConnection->tableExists('migrations')
#7 D:\ITU\Web\S4\4054-4155\system\Database\MigrationRunner.php(173): CodeIgniter\Database\MigrationRunner->ensureTable()
#8 D:\ITU\Web\S4\4054-4155\system\Commands\Database\Migrate.php(89): CodeIgniter\Database\MigrationRunner->latest(NULL)
#9 D:\ITU\Web\S4\4054-4155\system\CLI\SignalTrait.php(245): CodeIgniter\Commands\Database\Migrate::CodeIgniter\Commands\Database\{closure}()
#10 D:\ITU\Web\S4\4054-4155\system\Commands\Database\Migrate.php(88): CodeIgniter\Commands\Database\Migrate->withSignalsBlocked(Object(Closure))
#11 D:\ITU\Web\S4\4054-4155\system\CLI\Commands.php(74): CodeIgniter\Commands\Database\Migrate->run(Array)
#12 D:\ITU\Web\S4\4054-4155\system\CLI\Console.php(47): CodeIgniter\CLI\Commands->run('migrate', Array)
#13 D:\ITU\Web\S4\4054-4155\system\Boot.php(442): CodeIgniter\CLI\Console->run()
#14 D:\ITU\Web\S4\4054-4155\system\Boot.php(166): CodeIgniter\Boot::runCommand(Object(CodeIgniter\CLI\Console))
#15 D:\ITU\Web\S4\4054-4155\spark(87): CodeIgniter\Boot::bootSpark(Object(Config\Paths))
#16 {main}

Next CodeIgniter\Database\Exceptions\DatabaseException: SQLite3 error: Unable to open database: unable to open database file in D:\ITU\Web\S4\4054-4155\system\Database\SQLite3\Connection.php:118
Stack trace:
#0 D:\ITU\Web\S4\4054-4155\system\Database\BaseConnection.php(555): CodeIgniter\Database\SQLite3\Connection->connect(false)
#1 D:\ITU\Web\S4\4054-4155\system\Database\SQLite3\Connection.php(74): CodeIgniter\Database\BaseConnection->initialize()
#2 D:\ITU\Web\S4\4054-4155\system\Database\BaseConnection.php(795): CodeIgniter\Database\SQLite3\Connection->initialize()
#3 D:\ITU\Web\S4\4054-4155\system\Database\BaseConnection.php(1706): CodeIgniter\Database\BaseConnection->query('SELECT "NAME" F...')
#4 D:\ITU\Web\S4\4054-4155\system\Database\BaseConnection.php(1726): CodeIgniter\Database\BaseConnection->listTables()
#5 D:\ITU\Web\S4\4054-4155\system\Database\MigrationRunner.php(821): CodeIgniter\Database\BaseConnection->tableExists('migrations')
#6 D:\ITU\Web\S4\4054-4155\system\Database\MigrationRunner.php(173): CodeIgniter\Database\MigrationRunner->ensureTable()
#7 D:\ITU\Web\S4\4054-4155\system\Commands\Database\Migrate.php(89): CodeIgniter\Database\MigrationRunner->latest(NULL)
#8 D:\ITU\Web\S4\4054-4155\system\CLI\SignalTrait.php(245): CodeIgniter\Commands\Database\Migrate::CodeIgniter\Commands\Database\{closure}()
#9 D:\ITU\Web\S4\4054-4155\system\Commands\Database\Migrate.php(88): CodeIgniter\Commands\Database\Migrate->withSignalsBlocked(Object(Closure))
#10 D:\ITU\Web\S4\4054-4155\system\CLI\Commands.php(74): CodeIgniter\Commands\Database\Migrate->run(Array)
#11 D:\ITU\Web\S4\4054-4155\system\CLI\Console.php(47): CodeIgniter\CLI\Commands->run('migrate', Array)
#12 D:\ITU\Web\S4\4054-4155\system\Boot.php(442): CodeIgniter\CLI\Console->run()
#13 D:\ITU\Web\S4\4054-4155\system\Boot.php(166): CodeIgniter\Boot::runCommand(Object(CodeIgniter\CLI\Console))
#14 D:\ITU\Web\S4\4054-4155\spark(87): CodeIgniter\Boot::bootSpark(Object(Config\Paths))
#15 {main}
ERROR - 2026-07-20 06:40:28 --> Error connecting to the database: Exception: Unable to open database: unable to open database file in D:\ITU\Web\S4\4054-4155\system\Database\SQLite3\Connection.php:111
Stack trace:
#0 D:\ITU\Web\S4\4054-4155\system\Database\SQLite3\Connection.php(111): SQLite3->__construct('D:\\ITU\\Web\\S4\\4...')
#1 D:\ITU\Web\S4\4054-4155\system\Database\BaseConnection.php(555): CodeIgniter\Database\SQLite3\Connection->connect(false)
#2 D:\ITU\Web\S4\4054-4155\system\Database\SQLite3\Connection.php(74): CodeIgniter\Database\BaseConnection->initialize()
#3 D:\ITU\Web\S4\4054-4155\system\Database\BaseConnection.php(795): CodeIgniter\Database\SQLite3\Connection->initialize()
#4 D:\ITU\Web\S4\4054-4155\system\Database\BaseConnection.php(1706): CodeIgniter\Database\BaseConnection->query('SELECT "NAME" F...')
#5 D:\ITU\Web\S4\4054-4155\system\Database\BaseConnection.php(1726): CodeIgniter\Database\BaseConnection->listTables()
#6 D:\ITU\Web\S4\4054-4155\system\Database\MigrationRunner.php(821): CodeIgniter\Database\BaseConnection->tableExists('migrations')
#7 D:\ITU\Web\S4\4054-4155\system\Database\MigrationRunner.php(173): CodeIgniter\Database\MigrationRunner->ensureTable()
#8 D:\ITU\Web\S4\4054-4155\system\Commands\Database\Migrate.php(89): CodeIgniter\Database\MigrationRunner->latest(NULL)
#9 D:\ITU\Web\S4\4054-4155\system\CLI\SignalTrait.php(245): CodeIgniter\Commands\Database\Migrate::CodeIgniter\Commands\Database\{closure}()
#10 D:\ITU\Web\S4\4054-4155\system\Commands\Database\Migrate.php(88): CodeIgniter\Commands\Database\Migrate->withSignalsBlocked(Object(Closure))
#11 D:\ITU\Web\S4\4054-4155\system\CLI\Commands.php(74): CodeIgniter\Commands\Database\Migrate->run(Array)
#12 D:\ITU\Web\S4\4054-4155\system\CLI\Console.php(47): CodeIgniter\CLI\Commands->run('migrate', Array)
#13 D:\ITU\Web\S4\4054-4155\system\Boot.php(442): CodeIgniter\CLI\Console->run()
#14 D:\ITU\Web\S4\4054-4155\system\Boot.php(166): CodeIgniter\Boot::runCommand(Object(CodeIgniter\CLI\Console))
#15 D:\ITU\Web\S4\4054-4155\spark(87): CodeIgniter\Boot::bootSpark(Object(Config\Paths))
#16 {main}

Next CodeIgniter\Database\Exceptions\DatabaseException: SQLite3 error: Unable to open database: unable to open database file in D:\ITU\Web\S4\4054-4155\system\Database\SQLite3\Connection.php:118
Stack trace:
#0 D:\ITU\Web\S4\4054-4155\system\Database\BaseConnection.php(555): CodeIgniter\Database\SQLite3\Connection->connect(false)
#1 D:\ITU\Web\S4\4054-4155\system\Database\SQLite3\Connection.php(74): CodeIgniter\Database\BaseConnection->initialize()
#2 D:\ITU\Web\S4\4054-4155\system\Database\BaseConnection.php(795): CodeIgniter\Database\SQLite3\Connection->initialize()
#3 D:\ITU\Web\S4\4054-4155\system\Database\BaseConnection.php(1706): CodeIgniter\Database\BaseConnection->query('SELECT "NAME" F...')
#4 D:\ITU\Web\S4\4054-4155\system\Database\BaseConnection.php(1726): CodeIgniter\Database\BaseConnection->listTables()
#5 D:\ITU\Web\S4\4054-4155\system\Database\MigrationRunner.php(821): CodeIgniter\Database\BaseConnection->tableExists('migrations')
#6 D:\ITU\Web\S4\4054-4155\system\Database\MigrationRunner.php(173): CodeIgniter\Database\MigrationRunner->ensureTable()
#7 D:\ITU\Web\S4\4054-4155\system\Commands\Database\Migrate.php(89): CodeIgniter\Database\MigrationRunner->latest(NULL)
#8 D:\ITU\Web\S4\4054-4155\system\CLI\SignalTrait.php(245): CodeIgniter\Commands\Database\Migrate::CodeIgniter\Commands\Database\{closure}()
#9 D:\ITU\Web\S4\4054-4155\system\Commands\Database\Migrate.php(88): CodeIgniter\Commands\Database\Migrate->withSignalsBlocked(Object(Closure))
#10 D:\ITU\Web\S4\4054-4155\system\CLI\Commands.php(74): CodeIgniter\Commands\Database\Migrate->run(Array)
#11 D:\ITU\Web\S4\4054-4155\system\CLI\Console.php(47): CodeIgniter\CLI\Commands->run('migrate', Array)
#12 D:\ITU\Web\S4\4054-4155\system\Boot.php(442): CodeIgniter\CLI\Console->run()
#13 D:\ITU\Web\S4\4054-4155\system\Boot.php(166): CodeIgniter\Boot::runCommand(Object(CodeIgniter\CLI\Console))
#14 D:\ITU\Web\S4\4054-4155\spark(87): CodeIgniter\Boot::bootSpark(Object(Config\Paths))
#15 {main}
DEBUG - 2026-07-20 07:09:53 --> Session: Class initialized using 'CodeIgniter\Session\Handlers\FileHandler' driver.
DEBUG - 2026-07-20 07:09:58 --> Session: Class initialized using 'CodeIgniter\Session\Handlers\FileHandler' driver.
DEBUG - 2026-07-20 07:10:00 --> Session: Class initialized using 'CodeIgniter\Session\Handlers\FileHandler' driver.
DEBUG - 2026-07-20 07:10:10 --> Session: Class initialized using 'CodeIgniter\Session\Handlers\FileHandler' driver.
DEBUG - 2026-07-20 07:10:16 --> Session: Class initialized using 'CodeIgniter\Session\Handlers\FileHandler' driver.
DEBUG - 2026-07-20 07:10:21 --> Session: Class initialized using 'CodeIgniter\Session\Handlers\FileHandler' driver.
DEBUG - 2026-07-20 07:10:32 --> Session: Class initialized using 'CodeIgniter\Session\Handlers\FileHandler' driver.
DEBUG - 2026-07-20 07:10:32 --> Session: Class initialized using 'CodeIgniter\Session\Handlers\FileHandler' driver.
DEBUG - 2026-07-20 07:11:14 --> Session: Class initialized using 'CodeIgniter\Session\Handlers\FileHandler' driver.
DEBUG - 2026-07-20 07:11:14 --> Session: Class initialized using 'CodeIgniter\Session\Handlers\FileHandler' driver.
DEBUG - 2026-07-20 07:15:29 --> Session: Class initialized using 'CodeIgniter\Session\Handlers\FileHandler' driver.
DEBUG - 2026-07-20 07:15:31 --> Session: Class initialized using 'CodeIgniter\Session\Handlers\FileHandler' driver.
DEBUG - 2026-07-20 07:15:35 --> Session: Class initialized using 'CodeIgniter\Session\Handlers\FileHandler' driver.
DEBUG - 2026-07-20 07:19:52 --> Session: Class initialized using 'CodeIgniter\Session\Handlers\FileHandler' driver.
DEBUG - 2026-07-20 07:19:56 --> Session: Class initialized using 'CodeIgniter\Session\Handlers\FileHandler' driver.
DEBUG - 2026-07-20 07:20:11 --> Session: Class initialized using 'CodeIgniter\Session\Handlers\FileHandler' driver.
DEBUG - 2026-07-20 07:20:11 --> Session: Class initialized using 'CodeIgniter\Session\Handlers\FileHandler' driver.
DEBUG - 2026-07-20 07:25:44 --> Session: Class initialized using 'CodeIgniter\Session\Handlers\FileHandler' driver.
DEBUG - 2026-07-20 07:25:46 --> Session: Class initialized using 'CodeIgniter\Session\Handlers\FileHandler' driver.
DEBUG - 2026-07-20 07:25:46 --> Session: Class initialized using 'CodeIgniter\Session\Handlers\FileHandler' driver.
CRITICAL - 2026-07-20 07:25:47 --> CodeIgniter\View\Exceptions\ViewException: Invalid file: "admin/dashboard.php"
[Method: GET, Route: admin/dashboard]
in SYSTEMPATH\Exceptions\FrameworkException.php on line 39.
 1 SYSTEMPATH\View\View.php(228): CodeIgniter\Exceptions\FrameworkException::forInvalidFile('admin/dashboard.php')
 2 SYSTEMPATH\Common.php(1250): CodeIgniter\View\View->render('admin/dashboard', [], true)
 3 APPPATH\Controllers\AdminDashboard.php(13): view('admin/dashboard')
 4 SYSTEMPATH\CodeIgniter.php(951): App\Controllers\AdminDashboard->index()
 5 SYSTEMPATH\CodeIgniter.php(497): CodeIgniter\CodeIgniter->runController(Object(App\Controllers\AdminDashboard))
 6 SYSTEMPATH\CodeIgniter.php(340): CodeIgniter\CodeIgniter->handleRequest(null, Object(Config\Cache), false)
 7 SYSTEMPATH\Boot.php(417): CodeIgniter\CodeIgniter->run()
 8 SYSTEMPATH\Boot.php(68): CodeIgniter\Boot::runCodeIgniter(Object(CodeIgniter\CodeIgniter))
 9 FCPATH\index.php(59): CodeIgniter\Boot::bootWeb(Object(Config\Paths))
10 SYSTEMPATH\rewrite.php(44): require_once('D:\\ITU\\Web\\S4\\4054-4155\\public\\index.php')
DEBUG - 2026-07-20 07:26:36 --> Session: Class initialized using 'CodeIgniter\Session\Handlers\FileHandler' driver.
DEBUG - 2026-07-20 07:26:38 --> Session: Class initialized using 'CodeIgniter\Session\Handlers\FileHandler' driver.
DEBUG - 2026-07-20 07:26:39 --> Session: Class initialized using 'CodeIgniter\Session\Handlers\FileHandler' driver.
DEBUG - 2026-07-20 07:26:39 --> Session: Class initialized using 'CodeIgniter\Session\Handlers\FileHandler' driver.
CRITICAL - 2026-07-20 07:26:39 --> CodeIgniter\View\Exceptions\ViewException: Invalid file: "../layout-admin.php"
[Method: GET, Route: admin/dashboard]
in SYSTEMPATH\Exceptions\FrameworkException.php on line 39.
 1 SYSTEMPATH\View\View.php(228): CodeIgniter\Exceptions\FrameworkException::forInvalidFile('../layout-admin.php')
 2 SYSTEMPATH\View\View.php(256): CodeIgniter\View\View->render('../layout-admin', [], true)
 3 SYSTEMPATH\Common.php(1250): CodeIgniter\View\View->render('back-office/dashboard', [], true)
 4 APPPATH\Controllers\AdminDashboard.php(13): view('back-office/dashboard')
 5 SYSTEMPATH\CodeIgniter.php(951): App\Controllers\AdminDashboard->index()
 6 SYSTEMPATH\CodeIgniter.php(497): CodeIgniter\CodeIgniter->runController(Object(App\Controllers\AdminDashboard))
 7 SYSTEMPATH\CodeIgniter.php(340): CodeIgniter\CodeIgniter->handleRequest(null, Object(Config\Cache), false)
 8 SYSTEMPATH\Boot.php(417): CodeIgniter\CodeIgniter->run()
 9 SYSTEMPATH\Boot.php(68): CodeIgniter\Boot::runCodeIgniter(Object(CodeIgniter\CodeIgniter))
10 FCPATH\index.php(59): CodeIgniter\Boot::bootWeb(Object(Config\Paths))
11 SYSTEMPATH\rewrite.php(44): require_once('D:\\ITU\\Web\\S4\\4054-4155\\public\\index.php')
DEBUG - 2026-07-20 07:28:15 --> Session: Class initialized using 'CodeIgniter\Session\Handlers\FileHandler' driver.
DEBUG - 2026-07-20 07:28:15 --> Session: Class initialized using 'CodeIgniter\Session\Handlers\FileHandler' driver.
CRITICAL - 2026-07-20 07:28:15 --> CodeIgniter\View\Exceptions\ViewException: Invalid file: "layout.php"
[Method: GET, Route: admin/dashboard]
in SYSTEMPATH\Exceptions\FrameworkException.php on line 39.
 1 SYSTEMPATH\View\View.php(228): CodeIgniter\Exceptions\FrameworkException::forInvalidFile('layout.php')
 2 SYSTEMPATH\View\View.php(256): CodeIgniter\View\View->render('layout', [], true)
 3 SYSTEMPATH\Common.php(1250): CodeIgniter\View\View->render('back-office/dashboard', [], true)
 4 APPPATH\Controllers\AdminDashboard.php(13): view('back-office/dashboard')
 5 SYSTEMPATH\CodeIgniter.php(951): App\Controllers\AdminDashboard->index()
 6 SYSTEMPATH\CodeIgniter.php(497): CodeIgniter\CodeIgniter->runController(Object(App\Controllers\AdminDashboard))
 7 SYSTEMPATH\CodeIgniter.php(340): CodeIgniter\CodeIgniter->handleRequest(null, Object(Config\Cache), false)
 8 SYSTEMPATH\Boot.php(417): CodeIgniter\CodeIgniter->run()
 9 SYSTEMPATH\Boot.php(68): CodeIgniter\Boot::runCodeIgniter(Object(CodeIgniter\CodeIgniter))
10 FCPATH\index.php(59): CodeIgniter\Boot::bootWeb(Object(Config\Paths))
11 SYSTEMPATH\rewrite.php(44): require_once('D:\\ITU\\Web\\S4\\4054-4155\\public\\index.php')
DEBUG - 2026-07-20 07:30:03 --> Session: Class initialized using 'CodeIgniter\Session\Handlers\FileHandler' driver.
DEBUG - 2026-07-20 07:33:14 --> Session: Class initialized using 'CodeIgniter\Session\Handlers\FileHandler' driver.
DEBUG - 2026-07-20 07:33:53 --> Session: Class initialized using 'CodeIgniter\Session\Handlers\FileHandler' driver.
DEBUG - 2026-07-20 07:34:34 --> Session: Class initialized using 'CodeIgniter\Session\Handlers\FileHandler' driver.
DEBUG - 2026-07-20 04:47:32 --> Session: Class initialized using 'CodeIgniter\Session\Handlers\FileHandler' driver.
DEBUG - 2026-07-20 04:47:39 --> Session: Class initialized using 'CodeIgniter\Session\Handlers\FileHandler' driver.
CRITICAL - 2026-07-20 04:47:42 --> CodeIgniter\View\Exceptions\ViewException: Invalid file: "client/login.php"
[Method: GET, Route: client/login]
in SYSTEMPATH\Exceptions\FrameworkException.php on line 39.
 1 SYSTEMPATH\View\View.php(228): CodeIgniter\Exceptions\FrameworkException::forInvalidFile()
 2 SYSTEMPATH\Common.php(1250): CodeIgniter\View\View->render()
 3 APPPATH\Controllers\AuthClientController.php(13): view()
 4 SYSTEMPATH\CodeIgniter.php(951): App\Controllers\AuthClientController->index()
 5 SYSTEMPATH\CodeIgniter.php(497): CodeIgniter\CodeIgniter->runController()
 6 SYSTEMPATH\CodeIgniter.php(340): CodeIgniter\CodeIgniter->handleRequest()
 7 SYSTEMPATH\Boot.php(417): CodeIgniter\CodeIgniter->run()
 8 SYSTEMPATH\Boot.php(68): CodeIgniter\Boot::runCodeIgniter()
 9 FCPATH\index.php(59): CodeIgniter\Boot::bootWeb()
10 SYSTEMPATH\rewrite.php(44): require_once('C:\\Users\\rakot\\Documents\\ITU\\S4\\frontend-tech\\S4-projet-final\\Projet-Final-S4\\public\\index.php')
DEBUG - 2026-07-20 04:50:15 --> Session: Class initialized using 'CodeIgniter\Session\Handlers\FileHandler' driver.
CRITICAL - 2026-07-20 04:50:17 --> CodeIgniter\View\Exceptions\ViewException: Invalid file: "client/login.php"
[Method: GET, Route: client/login]
in SYSTEMPATH\Exceptions\FrameworkException.php on line 39.
 1 SYSTEMPATH\View\View.php(228): CodeIgniter\Exceptions\FrameworkException::forInvalidFile()
 2 SYSTEMPATH\Common.php(1250): CodeIgniter\View\View->render()
 3 APPPATH\Controllers\AuthClientController.php(13): view()
 4 SYSTEMPATH\CodeIgniter.php(951): App\Controllers\AuthClientController->index()
 5 SYSTEMPATH\CodeIgniter.php(497): CodeIgniter\CodeIgniter->runController()
 6 SYSTEMPATH\CodeIgniter.php(340): CodeIgniter\CodeIgniter->handleRequest()
 7 SYSTEMPATH\Boot.php(417): CodeIgniter\CodeIgniter->run()
 8 SYSTEMPATH\Boot.php(68): CodeIgniter\Boot::runCodeIgniter()
 9 FCPATH\index.php(59): CodeIgniter\Boot::bootWeb()
10 SYSTEMPATH\rewrite.php(44): require_once('C:\\Users\\rakot\\Documents\\ITU\\S4\\frontend-tech\\S4-projet-final\\Projet-Final-S4\\public\\index.php')
DEBUG - 2026-07-20 04:51:50 --> Session: Class initialized using 'CodeIgniter\Session\Handlers\FileHandler' driver.
DEBUG - 2026-07-20 04:51:57 --> Session: Class initialized using 'CodeIgniter\Session\Handlers\FileHandler' driver.
DEBUG - 2026-07-20 04:51:59 --> Session: Class initialized using 'CodeIgniter\Session\Handlers\FileHandler' driver.
DEBUG - 2026-07-20 04:52:08 --> Session: Class initialized using 'CodeIgniter\Session\Handlers\FileHandler' driver.
DEBUG - 2026-07-20 04:52:09 --> Session: Class initialized using 'CodeIgniter\Session\Handlers\FileHandler' driver.
DEBUG - 2026-07-20 04:53:41 --> Session: Class initialized using 'CodeIgniter\Session\Handlers\FileHandler' driver.
DEBUG - 2026-07-20 04:53:42 --> Session: Class initialized using 'CodeIgniter\Session\Handlers\FileHandler' driver.
DEBUG - 2026-07-20 04:54:23 --> Session: Class initialized using 'CodeIgniter\Session\Handlers\FileHandler' driver.
DEBUG - 2026-07-20 04:54:24 --> Session: Class initialized using 'CodeIgniter\Session\Handlers\FileHandler' driver.
DEBUG - 2026-07-20 04:54:36 --> Session: Class initialized using 'CodeIgniter\Session\Handlers\FileHandler' driver.
DEBUG - 2026-07-20 04:55:16 --> Session: Class initialized using 'CodeIgniter\Session\Handlers\FileHandler' driver.
DEBUG - 2026-07-20 04:55:22 --> Session: Class initialized using 'CodeIgniter\Session\Handlers\FileHandler' driver.
DEBUG - 2026-07-20 04:55:22 --> Session: Class initialized using 'CodeIgniter\Session\Handlers\FileHandler' driver.
DEBUG - 2026-07-20 04:55:51 --> Session: Class initialized using 'CodeIgniter\Session\Handlers\FileHandler' driver.
DEBUG - 2026-07-20 04:55:54 --> Session: Class initialized using 'CodeIgniter\Session\Handlers\FileHandler' driver.
DEBUG - 2026-07-20 04:55:54 --> Session: Class initialized using 'CodeIgniter\Session\Handlers\FileHandler' driver.
DEBUG - 2026-07-20 04:56:32 --> Session: Class initialized using 'CodeIgniter\Session\Handlers\FileHandler' driver.
DEBUG - 2026-07-20 04:56:37 --> Session: Class initialized using 'CodeIgniter\Session\Handlers\FileHandler' driver.
DEBUG - 2026-07-20 04:56:37 --> Session: Class initialized using 'CodeIgniter\Session\Handlers\FileHandler' driver.
DEBUG - 2026-07-20 04:57:31 --> Session: Class initialized using 'CodeIgniter\Session\Handlers\FileHandler' driver.
DEBUG - 2026-07-20 04:57:32 --> Session: Class initialized using 'CodeIgniter\Session\Handlers\FileHandler' driver.
DEBUG - 2026-07-20 05:03:40 --> Session: Class initialized using 'CodeIgniter\Session\Handlers\FileHandler' driver.
CRITICAL - 2026-07-20 05:03:40 --> TypeError: count(): Argument #1 ($value) must be of type Countable|array, null given
[Method: GET, Route: client/login]
in APPPATH\Views\front-office\login.php on line 53.
 1 SYSTEMPATH\View\View.php(240): include()
 2 SYSTEMPATH\View\View.php(243): CodeIgniter\View\View->CodeIgniter\View\{closure}()
 3 SYSTEMPATH\Common.php(1250): CodeIgniter\View\View->render()
 4 APPPATH\Controllers\AuthClientController.php(16): view()
 5 SYSTEMPATH\CodeIgniter.php(951): App\Controllers\AuthClientController->index()
 6 SYSTEMPATH\CodeIgniter.php(497): CodeIgniter\CodeIgniter->runController()
 7 SYSTEMPATH\CodeIgniter.php(340): CodeIgniter\CodeIgniter->handleRequest()
 8 SYSTEMPATH\Boot.php(417): CodeIgniter\CodeIgniter->run()
 9 SYSTEMPATH\Boot.php(68): CodeIgniter\Boot::runCodeIgniter()
10 FCPATH\index.php(59): CodeIgniter\Boot::bootWeb()
11 SYSTEMPATH\rewrite.php(44): require_once('C:\\Users\\rakot\\Documents\\ITU\\S4\\frontend-tech\\S4-projet-final\\Projet-Final-S4\\public\\index.php')
CRITICAL - 2026-07-20 05:03:40 --> [Caused by] ErrorException: Undefined variable $data
in APPPATH\Views\front-office\login.php on line 53.
 1 APPPATH\Views\front-office\login.php(53): CodeIgniter\Debug\Exceptions->errorHandler()
 2 SYSTEMPATH\View\View.php(240): include('C:\\Users\\rakot\\Documents\\ITU\\S4\\frontend-tech\\S4-projet-final\\Projet-Final-S4\\app\\Views\\front-office\\login.php')
 3 SYSTEMPATH\View\View.php(243): CodeIgniter\View\View->CodeIgniter\View\{closure}()
 4 SYSTEMPATH\Common.php(1250): CodeIgniter\View\View->render()
 5 APPPATH\Controllers\AuthClientController.php(16): view()
 6 SYSTEMPATH\CodeIgniter.php(951): App\Controllers\AuthClientController->index()
 7 SYSTEMPATH\CodeIgniter.php(497): CodeIgniter\CodeIgniter->runController()
 8 SYSTEMPATH\CodeIgniter.php(340): CodeIgniter\CodeIgniter->handleRequest()
 9 SYSTEMPATH\Boot.php(417): CodeIgniter\CodeIgniter->run()
10 SYSTEMPATH\Boot.php(68): CodeIgniter\Boot::runCodeIgniter()
11 FCPATH\index.php(59): CodeIgniter\Boot::bootWeb()
12 SYSTEMPATH\rewrite.php(44): require_once('C:\\Users\\rakot\\Documents\\ITU\\S4\\frontend-tech\\S4-projet-final\\Projet-Final-S4\\public\\index.php')
DEBUG - 2026-07-20 05:03:41 --> Session: Class initialized using 'CodeIgniter\Session\Handlers\FileHandler' driver.
CRITICAL - 2026-07-20 05:03:41 --> TypeError: count(): Argument #1 ($value) must be of type Countable|array, null given
[Method: GET, Route: client/login]
in APPPATH\Views\front-office\login.php on line 53.
 1 SYSTEMPATH\View\View.php(240): include()
 2 SYSTEMPATH\View\View.php(243): CodeIgniter\View\View->CodeIgniter\View\{closure}()
 3 SYSTEMPATH\Common.php(1250): CodeIgniter\View\View->render()
 4 APPPATH\Controllers\AuthClientController.php(16): view()
 5 SYSTEMPATH\CodeIgniter.php(951): App\Controllers\AuthClientController->index()
 6 SYSTEMPATH\CodeIgniter.php(497): CodeIgniter\CodeIgniter->runController()
 7 SYSTEMPATH\CodeIgniter.php(340): CodeIgniter\CodeIgniter->handleRequest()
 8 SYSTEMPATH\Boot.php(417): CodeIgniter\CodeIgniter->run()
 9 SYSTEMPATH\Boot.php(68): CodeIgniter\Boot::runCodeIgniter()
10 FCPATH\index.php(59): CodeIgniter\Boot::bootWeb()
11 SYSTEMPATH\rewrite.php(44): require_once('C:\\Users\\rakot\\Documents\\ITU\\S4\\frontend-tech\\S4-projet-final\\Projet-Final-S4\\public\\index.php')
CRITICAL - 2026-07-20 05:03:41 --> [Caused by] ErrorException: Undefined variable $data
in APPPATH\Views\front-office\login.php on line 53.
 1 APPPATH\Views\front-office\login.php(53): CodeIgniter\Debug\Exceptions->errorHandler()
 2 SYSTEMPATH\View\View.php(240): include('C:\\Users\\rakot\\Documents\\ITU\\S4\\frontend-tech\\S4-projet-final\\Projet-Final-S4\\app\\Views\\front-office\\login.php')
 3 SYSTEMPATH\View\View.php(243): CodeIgniter\View\View->CodeIgniter\View\{closure}()
 4 SYSTEMPATH\Common.php(1250): CodeIgniter\View\View->render()
 5 APPPATH\Controllers\AuthClientController.php(16): view()
 6 SYSTEMPATH\CodeIgniter.php(951): App\Controllers\AuthClientController->index()
 7 SYSTEMPATH\CodeIgniter.php(497): CodeIgniter\CodeIgniter->runController()
 8 SYSTEMPATH\CodeIgniter.php(340): CodeIgniter\CodeIgniter->handleRequest()
 9 SYSTEMPATH\Boot.php(417): CodeIgniter\CodeIgniter->run()
10 SYSTEMPATH\Boot.php(68): CodeIgniter\Boot::runCodeIgniter()
11 FCPATH\index.php(59): CodeIgniter\Boot::bootWeb()
12 SYSTEMPATH\rewrite.php(44): require_once('C:\\Users\\rakot\\Documents\\ITU\\S4\\frontend-tech\\S4-projet-final\\Projet-Final-S4\\public\\index.php')
DEBUG - 2026-07-20 05:03:42 --> Session: Class initialized using 'CodeIgniter\Session\Handlers\FileHandler' driver.
CRITICAL - 2026-07-20 05:03:42 --> TypeError: count(): Argument #1 ($value) must be of type Countable|array, null given
[Method: GET, Route: client/login]
in APPPATH\Views\front-office\login.php on line 53.
 1 SYSTEMPATH\View\View.php(240): include()
 2 SYSTEMPATH\View\View.php(243): CodeIgniter\View\View->CodeIgniter\View\{closure}()
 3 SYSTEMPATH\Common.php(1250): CodeIgniter\View\View->render()
 4 APPPATH\Controllers\AuthClientController.php(16): view()
 5 SYSTEMPATH\CodeIgniter.php(951): App\Controllers\AuthClientController->index()
 6 SYSTEMPATH\CodeIgniter.php(497): CodeIgniter\CodeIgniter->runController()
 7 SYSTEMPATH\CodeIgniter.php(340): CodeIgniter\CodeIgniter->handleRequest()
 8 SYSTEMPATH\Boot.php(417): CodeIgniter\CodeIgniter->run()
 9 SYSTEMPATH\Boot.php(68): CodeIgniter\Boot::runCodeIgniter()
10 FCPATH\index.php(59): CodeIgniter\Boot::bootWeb()
11 SYSTEMPATH\rewrite.php(44): require_once('C:\\Users\\rakot\\Documents\\ITU\\S4\\frontend-tech\\S4-projet-final\\Projet-Final-S4\\public\\index.php')
CRITICAL - 2026-07-20 05:03:42 --> [Caused by] ErrorException: Undefined variable $data
in APPPATH\Views\front-office\login.php on line 53.
 1 APPPATH\Views\front-office\login.php(53): CodeIgniter\Debug\Exceptions->errorHandler()
 2 SYSTEMPATH\View\View.php(240): include('C:\\Users\\rakot\\Documents\\ITU\\S4\\frontend-tech\\S4-projet-final\\Projet-Final-S4\\app\\Views\\front-office\\login.php')
 3 SYSTEMPATH\View\View.php(243): CodeIgniter\View\View->CodeIgniter\View\{closure}()
 4 SYSTEMPATH\Common.php(1250): CodeIgniter\View\View->render()
 5 APPPATH\Controllers\AuthClientController.php(16): view()
 6 SYSTEMPATH\CodeIgniter.php(951): App\Controllers\AuthClientController->index()
 7 SYSTEMPATH\CodeIgniter.php(497): CodeIgniter\CodeIgniter->runController()
 8 SYSTEMPATH\CodeIgniter.php(340): CodeIgniter\CodeIgniter->handleRequest()
 9 SYSTEMPATH\Boot.php(417): CodeIgniter\CodeIgniter->run()
10 SYSTEMPATH\Boot.php(68): CodeIgniter\Boot::runCodeIgniter()
11 FCPATH\index.php(59): CodeIgniter\Boot::bootWeb()
12 SYSTEMPATH\rewrite.php(44): require_once('C:\\Users\\rakot\\Documents\\ITU\\S4\\frontend-tech\\S4-projet-final\\Projet-Final-S4\\public\\index.php')
DEBUG - 2026-07-20 05:05:08 --> Session: Class initialized using 'CodeIgniter\Session\Handlers\FileHandler' driver.
CRITICAL - 2026-07-20 05:05:08 --> ErrorException: Array to string conversion
[Method: GET, Route: client/login]
in APPPATH\Views\front-office\login.php on line 54.
 1 APPPATH\Views\front-office\login.php(54): CodeIgniter\Debug\Exceptions->errorHandler()
 2 SYSTEMPATH\View\View.php(240): include('C:\\Users\\rakot\\Documents\\ITU\\S4\\frontend-tech\\S4-projet-final\\Projet-Final-S4\\app\\Views\\front-office\\login.php')
 3 SYSTEMPATH\View\View.php(243): CodeIgniter\View\View->CodeIgniter\View\{closure}()
 4 SYSTEMPATH\Common.php(1250): CodeIgniter\View\View->render()
 5 APPPATH\Controllers\AuthClientController.php(16): view()
 6 SYSTEMPATH\CodeIgniter.php(951): App\Controllers\AuthClientController->index()
 7 SYSTEMPATH\CodeIgniter.php(497): CodeIgniter\CodeIgniter->runController()
 8 SYSTEMPATH\CodeIgniter.php(340): CodeIgniter\CodeIgniter->handleRequest()
 9 SYSTEMPATH\Boot.php(417): CodeIgniter\CodeIgniter->run()
10 SYSTEMPATH\Boot.php(68): CodeIgniter\Boot::runCodeIgniter()
11 FCPATH\index.php(59): CodeIgniter\Boot::bootWeb()
12 SYSTEMPATH\rewrite.php(44): require_once('C:\\Users\\rakot\\Documents\\ITU\\S4\\frontend-tech\\S4-projet-final\\Projet-Final-S4\\public\\index.php')
DEBUG - 2026-07-20 05:05:09 --> Session: Class initialized using 'CodeIgniter\Session\Handlers\FileHandler' driver.
CRITICAL - 2026-07-20 05:05:09 --> ErrorException: Array to string conversion
[Method: GET, Route: client/login]
in APPPATH\Views\front-office\login.php on line 54.
 1 APPPATH\Views\front-office\login.php(54): CodeIgniter\Debug\Exceptions->errorHandler()
 2 SYSTEMPATH\View\View.php(240): include('C:\\Users\\rakot\\Documents\\ITU\\S4\\frontend-tech\\S4-projet-final\\Projet-Final-S4\\app\\Views\\front-office\\login.php')
 3 SYSTEMPATH\View\View.php(243): CodeIgniter\View\View->CodeIgniter\View\{closure}()
 4 SYSTEMPATH\Common.php(1250): CodeIgniter\View\View->render()
 5 APPPATH\Controllers\AuthClientController.php(16): view()
 6 SYSTEMPATH\CodeIgniter.php(951): App\Controllers\AuthClientController->index()
 7 SYSTEMPATH\CodeIgniter.php(497): CodeIgniter\CodeIgniter->runController()
 8 SYSTEMPATH\CodeIgniter.php(340): CodeIgniter\CodeIgniter->handleRequest()
 9 SYSTEMPATH\Boot.php(417): CodeIgniter\CodeIgniter->run()
10 SYSTEMPATH\Boot.php(68): CodeIgniter\Boot::runCodeIgniter()
11 FCPATH\index.php(59): CodeIgniter\Boot::bootWeb()
12 SYSTEMPATH\rewrite.php(44): require_once('C:\\Users\\rakot\\Documents\\ITU\\S4\\frontend-tech\\S4-projet-final\\Projet-Final-S4\\public\\index.php')
DEBUG - 2026-07-20 05:05:59 --> Session: Class initialized using 'CodeIgniter\Session\Handlers\FileHandler' driver.
DEBUG - 2026-07-20 05:06:00 --> Session: Class initialized using 'CodeIgniter\Session\Handlers\FileHandler' driver.
DEBUG - 2026-07-20 05:06:21 --> Session: Class initialized using 'CodeIgniter\Session\Handlers\FileHandler' driver.
DEBUG - 2026-07-20 05:07:53 --> Session: Class initialized using 'CodeIgniter\Session\Handlers\FileHandler' driver.
DEBUG - 2026-07-20 05:08:01 --> Session: Class initialized using 'CodeIgniter\Session\Handlers\FileHandler' driver.
DEBUG - 2026-07-20 05:16:28 --> Session: Class initialized using 'CodeIgniter\Session\Handlers\FileHandler' driver.
DEBUG - 2026-07-20 05:16:29 --> Session: Class initialized using 'CodeIgniter\Session\Handlers\FileHandler' driver.
DEBUG - 2026-07-20 05:16:46 --> Session: Class initialized using 'CodeIgniter\Session\Handlers\FileHandler' driver.
DEBUG - 2026-07-20 05:16:46 --> Session: Class initialized using 'CodeIgniter\Session\Handlers\FileHandler' driver.
DEBUG - 2026-07-20 05:16:54 --> Session: Class initialized using 'CodeIgniter\Session\Handlers\FileHandler' driver.
DEBUG - 2026-07-20 05:16:54 --> Session: Class initialized using 'CodeIgniter\Session\Handlers\FileHandler' driver.
DEBUG - 2026-07-20 05:18:33 --> Session: Class initialized using 'CodeIgniter\Session\Handlers\FileHandler' driver.
DEBUG - 2026-07-20 05:18:33 --> Session: Class initialized using 'CodeIgniter\Session\Handlers\FileHandler' driver.
DEBUG - 2026-07-20 05:18:41 --> Session: Class initialized using 'CodeIgniter\Session\Handlers\FileHandler' driver.
DEBUG - 2026-07-20 05:18:41 --> Session: Class initialized using 'CodeIgniter\Session\Handlers\FileHandler' driver.
DEBUG - 2026-07-20 05:19:36 --> Session: Class initialized using 'CodeIgniter\Session\Handlers\FileHandler' driver.
DEBUG - 2026-07-20 05:19:38 --> Session: Class initialized using 'CodeIgniter\Session\Handlers\FileHandler' driver.
DEBUG - 2026-07-20 05:19:38 --> Session: Class initialized using 'CodeIgniter\Session\Handlers\FileHandler' driver.
DEBUG - 2026-07-20 05:19:43 --> Session: Class initialized using 'CodeIgniter\Session\Handlers\FileHandler' driver.
DEBUG - 2026-07-20 05:21:01 --> Session: Class initialized using 'CodeIgniter\Session\Handlers\FileHandler' driver.
DEBUG - 2026-07-20 05:21:04 --> Session: Class initialized using 'CodeIgniter\Session\Handlers\FileHandler' driver.
DEBUG - 2026-07-20 05:21:04 --> Session: Class initialized using 'CodeIgniter\Session\Handlers\FileHandler' driver.
DEBUG - 2026-07-20 05:21:07 --> Session: Class initialized using 'CodeIgniter\Session\Handlers\FileHandler' driver.
DEBUG - 2026-07-20 05:21:10 --> Session: Class initialized using 'CodeIgniter\Session\Handlers\FileHandler' driver.
DEBUG - 2026-07-20 05:21:11 --> Session: Class initialized using 'CodeIgniter\Session\Handlers\FileHandler' driver.
DEBUG - 2026-07-20 05:21:16 --> Session: Class initialized using 'CodeIgniter\Session\Handlers\FileHandler' driver.
DEBUG - 2026-07-20 05:21:16 --> Session: Class initialized using 'CodeIgniter\Session\Handlers\FileHandler' driver.
